Determining if the pthread_create exist failed with the following output:
Change Dir: /home/emanuel/workspaces/Puzzle_bot_ws/build/CMakeFiles/CMakeTmp

Run Build Command:"/usr/bin/make" "cmTC_dee6a/fast"
/usr/bin/make -f CMakeFiles/cmTC_dee6a.dir/build.make CMakeFiles/cmTC_dee6a.dir/build
make[1]: Entering directory '/home/emanuel/workspaces/Puzzle_bot_ws/build/CMakeFiles/CMakeTmp'
Building C object CMakeFiles/cmTC_dee6a.dir/CheckSymbolExists.c.o
/usr/bin/cc    -o CMakeFiles/cmTC_dee6a.dir/CheckSymbolExists.c.o   -c /home/emanuel/workspaces/Puzzle_bot_ws/build/CMakeFiles/CMakeTmp/CheckSymbolExists.c
Linking C executable cmTC_dee6a
/usr/bin/cmake -E cmake_link_script CMakeFiles/cmTC_dee6a.dir/link.txt --verbose=1
/usr/bin/cc      -rdynamic CMakeFiles/cmTC_dee6a.dir/CheckSymbolExists.c.o  -o cmTC_dee6a 
CMakeFiles/cmTC_dee6a.dir/CheckSymbolExists.c.o: In function `main':
CheckSymbolExists.c:(.text+0x1b): undefined reference to `pthread_create'
collect2: error: ld returned 1 exit status
CMakeFiles/cmTC_dee6a.dir/build.make:97: recipe for target 'cmTC_dee6a' failed
make[1]: *** [cmTC_dee6a] Error 1
make[1]: Leaving directory '/home/emanuel/workspaces/Puzzle_bot_ws/build/CMakeFiles/CMakeTmp'
Makefile:126: recipe for target 'cmTC_dee6a/fast' failed
make: *** [cmTC_dee6a/fast] Error 2

File /home/emanuel/workspaces/Puzzle_bot_ws/build/CMakeFiles/CMakeTmp/CheckSymbolExists.c:
/* */
#include <pthread.h>

int main(int argc, char** argv)
{
  (void)argv;
#ifndef pthread_create
  return ((int*)(&pthread_create))[argc];
#else
  (void)argc;
  return 0;
#endif
}

Determining if the function pthread_create exists in the pthreads failed with the following output:
Change Dir: /home/emanuel/workspaces/Puzzle_bot_ws/build/CMakeFiles/CMakeTmp

Run Build Command:"/usr/bin/make" "cmTC_cc38a/fast"
/usr/bin/make -f CMakeFiles/cmTC_cc38a.dir/build.make CMakeFiles/cmTC_cc38a.dir/build
make[1]: Entering directory '/home/emanuel/workspaces/Puzzle_bot_ws/build/CMakeFiles/CMakeTmp'
Building C object CMakeFiles/cmTC_cc38a.dir/CheckFunctionExists.c.o
/usr/bin/cc   -DCHECK_FUNCTION_EXISTS=pthread_create   -o CMakeFiles/cmTC_cc38a.dir/CheckFunctionExists.c.o   -c /usr/share/cmake-3.10/Modules/CheckFunctionExists.c
Linking C executable cmTC_cc38a
/usr/bin/cmake -E cmake_link_script CMakeFiles/cmTC_cc38a.dir/link.txt --verbose=1
/usr/bin/cc  -DCHECK_FUNCTION_EXISTS=pthread_create    -rdynamic CMakeFiles/cmTC_cc38a.dir/CheckFunctionExists.c.o  -o cmTC_cc38a -lpthreads 
/usr/bin/ld: cannot find -lpthreads
collect2: error: ld returned 1 exit status
CMakeFiles/cmTC_cc38a.dir/build.make:97: recipe for target 'cmTC_cc38a' failed
make[1]: *** [cmTC_cc38a] Error 1
make[1]: Leaving directory '/home/emanuel/workspaces/Puzzle_bot_ws/build/CMakeFiles/CMakeTmp'
Makefile:126: recipe for target 'cmTC_cc38a/fast' failed
make: *** [cmTC_cc38a/fast] Error 2


